app/build/outputs/mapping/release/seeds.txt
com.githubwallpaper.WallpaperApplication_HiltComponents$ViewCBuilderModule
com.githubwallpaper.WallpaperApplication_HiltComponents$ActivityRetainedC$Builder
com.githubwallpaper.data.AppDatabase
com.githubwallpaper.WallpaperApplication_GeneratedInjector
com.githubwallpaper.wallpaper.GitHubWallpaperService$GitHubEngine$onCreate$1
com.githubwallpaper.worker.ContributionSyncWorker_AssistedFactory_Impl
com.githubwallpaper.WallpaperApplication_HiltComponents$FragmentC$Builder
com.githubwallpaper.network.GitHubApi
com.githubwallpaper.ui.SettingsActivity$onCreate$1$1
com.githubwallpaper.WallpaperApplication_HiltComponents$ActivityRetainedCBuilderModule
com.githubwallpaper.data.ContributionDao
com.githubwallpaper.ui.SettingsActivity_MembersInjector
com.githubwallpaper.WallpaperApplication_HiltComponents$ActivityCBuilderModule
com.githubwallpaper.wallpaper.GitHubWallpaperService$GitHubEngine$onCreate$1$1
com.githubwallpaper.WallpaperApplication_HiltComponents$ViewWithFragmentC$Builder
com.githubwallpaper.data.GithubRepository$syncContributions$days$1
com.githubwallpaper.WallpaperApplication_HiltComponents$ViewC$Builder
com.githubwallpaper.wallpaper.GitHubWallpaperService$GitHubEngine
com.githubwallpaper.ui.Hilt_SettingsActivity$1
com.githubwallpaper.ui.SettingsActivity_GeneratedInjector
com.githubwallpaper.WallpaperApplication_HiltComponents$ViewModelC$Builder
com.githubwallpaper.wallpaper.GitHubWallpaperService_GeneratedInjector
com.githubwallpaper.data.GithubRepository
com.githubwallpaper.ui.SettingsActivity$onCreate$3$1$2
com.githubwallpaper.data.ContributionDao_Impl$2
com.githubwallpaper.data.AppDatabase_Impl
com.githubwallpaper.wallpaper.WallpaperRenderer
com.githubwallpaper.worker.ContributionSyncWorker$doWork$1
com.githubwallpaper.ui.Hilt_SettingsActivity
com.githubwallpaper.wallpaper.GitHubWallpaperService_MembersInjector
com.githubwallpaper.wallpaper.ThemeColors
com.githubwallpaper.data.AppDatabase_Impl$1
com.githubwallpaper.data.ContributionDayEntity
com.githubwallpaper.WallpaperApplication_HiltComponents$ActivityC$Builder
com.githubwallpaper.data.ContributionDao_Impl$4
com.githubwallpaper.worker.ContributionSyncWorker_AssistedFactory
com.githubwallpaper.worker.ContributionSyncWorker_HiltModule
com.githubwallpaper.data.ContributionDao_Impl$3
com.githubwallpaper.data.ContributionDao_Impl
com.githubwallpaper.WallpaperApplication
com.githubwallpaper.worker.SyncScheduler
com.githubwallpaper.WallpaperApplication_HiltComponents$ViewWithFragmentCBuilderModule
com.githubwallpaper.wallpaper.GitHubWallpaperService$GitHubEngine$requestDraw$1
com.githubwallpaper.worker.ContributionSyncWorker_Factory
com.githubwallpaper.wallpaper.ThemeManager
com.githubwallpaper.ui.SettingsActivity$onCreate$3$1
com.githubwallpaper.WallpaperApplication_HiltComponents$ServiceCBuilderModule
com.githubwallpaper.wallpaper.GitHubWallpaperService
com.githubwallpaper.ui.SettingsActivity$onCreate$3$1$1
com.githubwallpaper.data.GithubRepository_Factory
com.githubwallpaper.worker.ContributionSyncWorker
com.githubwallpaper.WallpaperApplication_HiltComponents$ViewModelCBuilderModule
com.githubwallpaper.data.ContributionDao_Impl$5
com.githubwallpaper.wallpaper.ThemeManager$WhenMappings
com.githubwallpaper.WallpaperApplication_HiltComponents$ServiceC$Builder
com.githubwallpaper.wallpaper.Hilt_GitHubWallpaperService
com.githubwallpaper.wallpaper.AppTheme
com.githubwallpaper.ui.SettingsActivity
com.githubwallpaper.data.ContributionDao_Impl$1
com.githubwallpaper.data.GithubRepository$syncContributions$1
com.githubwallpaper.WallpaperApplication_HiltComponents$FragmentCBuilderModule
com.githubwallpaper.ui.SettingsActivity$onCreate$3$1$1: int label
com.githubwallpaper.wallpaper.WallpaperRenderer: java.util.List contributions
com.githubwallpaper.ui.SettingsActivity$onCreate$3$1: com.githubwallpaper.ui.SettingsActivity this$0
com.githubwallpaper.wallpaper.GitHubWallpaperService$GitHubEngine: boolean isVisible
...
androidx.fragment.app.FragmentActivity: void setExitSharedElementCallback(androidx.core.app.SharedElementCallback)
androidx.appcompat.widget.AppCompatSpinner: android.content.Context getPopupContext()
com.google.android.material.internal.NavigationMenuItemView: void setNeedsEmptyIcon(boolean)
com.squareup.moshi.internal.Util: java.lang.String typeToString(java.lang.reflect.Type)
androidx.appcompat.widget.Toolbar: void setOnMenuItemClickListener(androidx.appcompat.widget.Toolbar$OnMenuItemClickListener)
androidx.appcompat.widget.AppCompatSpinner: android.graphics.drawable.Drawable getPopupBackground()
androidx.recyclerview.widget.RecyclerView: void setScrollingTouchSlop(int)
com.google.android.material.textfield.TextInputLayout: int getMinEms()
dagger.hilt.android.internal.managers.ActivityRetainedComponentManager_LifecycleModule_ProvideActivityRetainedLifecycleFactory: java.lang.Object get()
androidx.fragment.app.FragmentActivity: androidx.loader.app.LoaderManager getSupportLoaderManager()
androidx.room.RoomDatabase: java.util.concurrent.Executor getQueryExecutor()
com.google.android.material.internal.NavigationMenuItemView: androidx.appcompat.view.menu.MenuItemImpl getItemData()
androidx.core.widget.TextViewCompat$Api28Impl: android.text.PrecomputedText$Params getTextMetricsParams(android.widget.TextView)
com.squareup.moshi.Types: java.util.Set getFieldJsonQualifierAnnotations(java.lang.Class,java.lang.String)
com.squareup.moshi.JsonValueWriter: com.squareup.moshi.JsonWriter value(java.lang.Number)
com.google.android.material.button.MaterialButton: int getTextLayoutWidth()
androidx.lifecycle.ReportFragment$LifecycleCallbacks: void onActivityPostCreated(android.app.Activity,android.os.Bundle)
com.squareup.moshi.JsonWriter: com.squareup.moshi.JsonWriter value(boolean)
dagger.hilt.processor.internal.definecomponent.codegen._dagger_hilt_android_internal_builders_ActivityComponentBuilder: _dagger_hilt_android_internal_builders_ActivityComponentBuilder()
androidx.core.os.BuildCompat$Api30Impl: int getExtensionVersion(int)
com.squareup.moshi.LinkedHashTreeMap$Node: java.lang.String toString()
androidx.appcompat.widget.AppCompatToggleButton: void setAllCaps(boolean)
androidx.appcompat.view.menu.MenuPopupHelper$Api17Impl: void getRealSize(android.view.Display,android.graphics.Point)
androidx.appcompat.widget.ActionBarContextView: void setTitle(java.lang.CharSequence)
androidx.lifecycle.LegacySavedStateHandleController$OnRecreation: LegacySavedStateHandleController$OnRecreation()
androidx.appcompat.widget.SearchView: void setAppSearchData(android.os.Bundle)
androidx.room.RoomDatabase: void close()
androidx.appcompat.widget.LinearLayoutCompat: void setBaselineAligned(boolean)
androidx.appcompat.widget.AppCompatRadioButton: android.graphics.PorterDuff$Mode getSupportCompoundDrawablesTintMode()
androidx.fragment.app.FragmentActivity: void onPause()
dagger.hilt.android.internal.managers.HiltWrapper_SavedStateHandleModule: HiltWrapper_SavedStateHandleModule()
com.google.android.material.textfield.TextInputLayout: void setStartIconOnLongClickListener(android.view.View$OnLongClickListener)
org.jetbrains.annotations.Nls$Capitalization: org.jetbrains.annotations.Nls$Capitalization[] values()
androidx.work.impl.utils.futures.DirectExecutor: androidx.work.impl.utils.futures.DirectExecutor[] values()
com.squareup.moshi.JsonReader: com.squareup.moshi.JsonDataException typeMismatch(java.lang.Object,java.lang.Object)
com.squareup.moshi.ClassFactory$1: java.lang.String toString()
com.google.android.material.chip.Chip: float getCloseIconEndPadding()
androidx.activity.ComponentActivity: androidx.activity.OnBackPressedDispatcher getOnBackPressedDispatcher()
androidx.work.impl.background.systemjob.SystemJobService: SystemJobService()
androidx.core.view.ViewCompat$Api17Impl: void setLayoutDirection(android.view.View,int)
com.google.android.material.textfield.TextInputLayout: float getBoxCornerRadiusBottomStart()