app/build/outputs/mapping/release/usage.txt
com.githubwallpaper.BuildConfig
com.githubwallpaper.DaggerWallpaperApplication_HiltComponents_SingletonC:
    private void <init>()
com.githubwallpaper.R$array
com.githubwallpaper.R$color
com.githubwallpaper.R$drawable
com.githubwallpaper.R$id:
    public static int autoSwitchContainer
    public static int tvThemeLabel
    public static int tvTitle
    private void <init>()
com.githubwallpaper.R$layout:
    private void <init>()
com.githubwallpaper.R$mipmap
com.githubwallpaper.R$string
com.githubwallpaper.R$style
com.githubwallpaper.R$xml
com.githubwallpaper.R
com.githubwallpaper.WallpaperApplication_ComponentTreeDeps
com.githubwallpaper.WallpaperApplication_HiltComponents$ActivityCBuilderModule:
    public abstract dagger.hilt.android.internal.builders.ActivityComponentBuilder bind(com.githubwallpaper.WallpaperApplication_HiltComponents$ActivityC$Builder)
com.githubwallpaper.WallpaperApplication_HiltComponents$ActivityRetainedCBuilderModule:
    public abstract dagger.hilt.android.internal.builders.ActivityRetainedComponentBuilder bind(com.githubwallpaper.WallpaperApplication_HiltComponents$ActivityRetainedC$Builder)
com.githubwallpaper.WallpaperApplication_HiltComponents$FragmentCBuilderModule:
    public abstract dagger.hilt.android.internal.builders.FragmentComponentBuilder bind(com.githubwallpaper.WallpaperApplication_HiltComponents$FragmentC$Builder)
com.githubwallpaper.WallpaperApplication_HiltComponents$ServiceCBuilderModule:
    public abstract dagger.hilt.android.internal.builders.ServiceComponentBuilder bind(com.githubwallpaper.WallpaperApplication_HiltComponents$ServiceC$Builder)
com.githubwallpaper.WallpaperApplication_HiltComponents$ViewCBuilderModule:
    public abstract dagger.hilt.android.internal.builders.ViewComponentBuilder bind(com.githubwallpaper.WallpaperApplication_HiltComponents$ViewC$Builder)
com.githubwallpaper.WallpaperApplication_HiltComponents$ViewModelCBuilderModule:
    public abstract dagger.hilt.android.internal.builders.ViewModelComponentBuilder bind(com.githubwallpaper.WallpaperApplication_HiltComponents$ViewModelC$Builder)
com.githubwallpaper.WallpaperApplication_HiltComponents$ViewWithFragmentCBuilderModule:
    public abstract dagger.hilt.android.internal.builders.ViewWithFragmentComponentBuilder bind(com.githubwallpaper.WallpaperApplication_HiltComponents$ViewWithFragmentC$Builder)
com.githubwallpaper.WallpaperApplication_HiltComponents
com.githubwallpaper.WallpaperApplication_MembersInjector:
    private final javax.inject.Provider workerFactoryProvider
    public void <init>(javax.inject.Provider)
    public static dagger.MembersInjector create(javax.inject.Provider)
    public void injectMembers(com.githubwallpaper.WallpaperApplication)
    public synthetic bridge void injectMembers(java.lang.Object)
com.githubwallpaper.databinding.ActivitySettingsBinding
com.githubwallpaper.di.DatabaseModule_ProvideDaoFactory:
    private final javax.inject.Provider databaseProvider
    public void <init>(javax.inject.Provider)
    public static com.githubwallpaper.di.DatabaseModule_ProvideDaoFactory create(javax.inject.Provider)
    public com.githubwallpaper.data.ContributionDao get()
    public synthetic bridge java.lang.Object get()
com.githubwallpaper.di.DatabaseModule_ProvideDatabaseFactory:
    private final javax.inject.Provider contextProvider
    public void <init>(javax.inject.Provider)
    public static com.githubwallpaper.di.DatabaseModule_ProvideDatabaseFactory create(javax.inject.Provider)
    public com.githubwallpaper.data.AppDatabase get()
    public synthetic bridge java.lang.Object get()
com.githubwallpaper.di.NetworkModule_ProvideGitHubApiFactory:
    private final javax.inject.Provider retrofitProvider
    public void <init>(javax.inject.Provider)
    public static com.githubwallpaper.di.NetworkModule_ProvideGitHubApiFactory create(javax.inject.Provider)
    public com.githubwallpaper.network.GitHubApi get()
    public synthetic bridge java.lang.Object get()
...
com.google.android.material.transition.FadeProvider$1
com.google.android.material.transition.FadeProvider$2
com.google.android.material.transition.FadeProvider
com.google.android.material.transition.FadeThroughProvider$1
com.google.android.material.transition.FadeThroughProvider$2
com.google.android.material.transition.FadeThroughProvider
com.google.android.material.transition.FitModeEvaluator:
    public abstract void applyMask(android.graphics.RectF,float,com.google.android.material.transition.FitModeResult)
    public abstract com.google.android.material.transition.FitModeResult evaluate(float,float,float,float,float,float,float)
    public abstract boolean shouldMaskStartBounds(com.google.android.material.transition.FitModeResult)
com.google.android.material.transition.FitModeEvaluators$1
com.google.android.material.transition.FitModeEvaluators$2
com.google.android.material.transition.FitModeEvaluators
com.google.android.material.transition.FitModeResult
com.google.android.material.transition.Hold
com.google.android.material.transition.MaskEvaluator
com.google.android.material.transition.MaterialArcMotion
com.google.android.material.transition.MaterialContainerTransform$1
com.google.android.material.transition.MaterialContainerTransform$2
com.google.android.material.transition.MaterialContainerTransform$ProgressThresholds
com.google.android.material.transition.MaterialContainerTransform$ProgressThresholdsGroup
com.google.android.material.transition.MaterialContainerTransform$TransitionDrawable$1
com.google.android.material.transition.MaterialContainerTransform$TransitionDrawable$2
com.google.android.material.transition.MaterialContainerTransform$TransitionDrawable
com.google.android.material.transition.MaterialContainerTransform
com.google.android.material.transition.MaterialElevationScale
com.google.android.material.transition.MaterialFade
com.google.android.material.transition.MaterialFadeThrough
com.google.android.material.transition.MaterialSharedAxis
com.google.android.material.transition.MaterialVisibility
com.google.android.material.transition.ScaleProvider$1
com.google.android.material.transition.ScaleProvider
com.google.android.material.transition.SlideDistanceProvider$1
com.google.android.material.transition.SlideDistanceProvider$2
com.google.android.material.transition.SlideDistanceProvider
com.google.android.material.transition.TransitionListenerAdapter
com.google.android.material.transition.TransitionUtils$1
com.google.android.material.transition.TransitionUtils$CornerSizeBinaryOperator:
    public abstract com.google.android.material.shape.CornerSize apply(com.google.android.material.shape.CornerSize,com.google.android.material.shape.CornerSize)
com.google.android.material.transition.TransitionUtils
com.google.android.material.transition.VisibilityAnimatorProvider:
    public abstract android.animation.Animator createAppear(android.view.ViewGroup,android.view.View)
    public abstract android.animation.Animator createDisappear(android.view.ViewGroup,android.view.View)
com.google.android.material.transition.platform.FadeModeEvaluator:
    public abstract com.google.android.material.transition.platform.FadeModeResult evaluate(float,float,float,float)
com.google.android.material.transition.platform.FadeModeEvaluators$1
com.google.android.material.transition.platform.FadeModeEvaluators$2
com.google.android.material.transition.platform.FadeModeEvaluators$3
com.google.android.material.transition.platform.FadeModeEvaluators$4
com.google.android.material.transition.platform.FadeModeEvaluators
com.google.android.material.transition.platform.FadeModeResult
com.google.android.material.transition.platform.FadeProvider$1
com.google.android.material.transition.platform.FadeProvider$2
com.google.android.material.transition.platform.FadeProvider
com.google.android.material.transition.platform.FadeThroughProvider$1
com.google.android.material.transition.platform.FadeThroughProvider$2